This is pdfTeX, Version 3.14159265-2.6-1.40.17 (MiKTeX 2.9.6210 64-bit) (preloaded format=pdflatex 2017.5.17)  10 JAN 2018 00:01
entering extended mode
**./Praca.tex
(Praca.tex
LaTeX2e <2017/01/01> patch level 1
Babel <3.9r> and hyphenation patterns for 75 language(s) loaded.
(USTAWIENIA.tex
("C:\Program Files (x86)\MiKTeX 2.9\tex\generic\oberdiek\ifpdf.sty"
Package: ifpdf 2016/05/14 v3.1 Provides the ifpdf switch
)
(thesis.cls
Document Class: thesis 1996/25/01 1.0g LaTeX document class (wm).
\hours=\count79
\minutes=\count80
("C:\Program Files (x86)\MiKTeX 2.9\tex\latex\base\bk12.clo"
File: bk12.clo 2014/09/29 v1.4h Standard LaTeX file (size option)
)
\c@part=\count81
\c@chapter=\count82
\c@section=\count83
\c@subsection=\count84
\c@subsubsection=\count85
\c@paragraph=\count86
\c@subparagraph=\count87
\beforechaptervspace=\skip41
\afterchaptervspace=\skip42
\exampleindent=\skip43
\c@figure=\count88
\c@table=\count89
\abovecaptionskip=\skip44
\belowcaptionskip=\skip45
\bibindent=\dimen102
)
("C:\Program Files (x86)\MiKTeX 2.9\tex\latex\graphics\graphicx.sty"
Package: graphicx 2014/10/28 v1.0g Enhanced LaTeX Graphics (DPC,SPQR)

("C:\Program Files (x86)\MiKTeX 2.9\tex\latex\graphics\keyval.sty"
Package: keyval 2014/10/28 v1.15 key=value parser (DPC)
\KV@toks@=\toks14
)
("C:\Program Files (x86)\MiKTeX 2.9\tex\latex\graphics\graphics.sty"
Package: graphics 2016/10/09 v1.0u Standard LaTeX Graphics (DPC,SPQR)

("C:\Program Files (x86)\MiKTeX 2.9\tex\latex\graphics\trig.sty"
Package: trig 2016/01/03 v1.10 sin cos tan (DPC)
)
("C:\Program Files (x86)\MiKTeX 2.9\tex\latex\graphics-cfg\graphics.cfg"
File: graphics.cfg 2016/06/04 v1.11 sample graphics configuration
)
Package graphics Info: Driver file: pdftex.def on input line 99.

("C:\Program Files (x86)\MiKTeX 2.9\tex\latex\graphics-def\pdftex.def"
File: pdftex.def 2017/01/12 v0.06k Graphics/color for pdfTeX

("C:\Program Files (x86)\MiKTeX 2.9\tex\generic\oberdiek\infwarerr.sty"
Package: infwarerr 2016/05/16 v1.4 Providing info/warning/error messages (HO)
)
("C:\Program Files (x86)\MiKTeX 2.9\tex\generic\oberdiek\ltxcmds.sty"
Package: ltxcmds 2016/05/16 v1.23 LaTeX kernel commands for general use (HO)
)
\Gread@gobject=\count90
))
\Gin@req@height=\dimen103
\Gin@req@width=\dimen104
)
("C:\Program Files (x86)\MiKTeX 2.9\tex\latex\url\url.sty"
\Urlmuskip=\muskip10
Package: url 2013/09/16  ver 3.4  Verb mode for urls, etc.
) (stronatytulowa.sty) ("C:\Program Files (x86)\MiKTeX 2.9\tex\latex\base\input
enc.sty"
Package: inputenc 2015/03/17 v1.2c Input encoding file
\inpenc@prehook=\toks15
\inpenc@posthook=\toks16

("C:\Program Files (x86)\MiKTeX 2.9\tex\latex\base\cp1250.def"
File: cp1250.def 2015/03/17 v1.2c Input encoding file
))
("C:\Program Files (x86)\MiKTeX 2.9\tex\latex\hyperref\hyperref.sty"
Package: hyperref 2016/06/24 v6.83q Hypertext links for LaTeX

("C:\Program Files (x86)\MiKTeX 2.9\tex\generic\oberdiek\hobsub-hyperref.sty"
Package: hobsub-hyperref 2016/05/16 v1.14 Bundle oberdiek, subset hyperref (HO)


("C:\Program Files (x86)\MiKTeX 2.9\tex\generic\oberdiek\hobsub-generic.sty"
Package: hobsub-generic 2016/05/16 v1.14 Bundle oberdiek, subset generic (HO)
Package: hobsub 2016/05/16 v1.14 Construct package bundles (HO)
Package hobsub Info: Skipping package `infwarerr' (already loaded).
Package hobsub Info: Skipping package `ltxcmds' (already loaded).
Package: ifluatex 2016/05/16 v1.4 Provides the ifluatex switch (HO)
Package ifluatex Info: LuaTeX not detected.
Package: ifvtex 2016/05/16 v1.6 Detect VTeX and its facilities (HO)
Package ifvtex Info: VTeX not detected.
Package: intcalc 2016/05/16 v1.2 Expandable calculations with integers (HO)
Package hobsub Info: Skipping package `ifpdf' (already loaded).
Package: etexcmds 2016/05/16 v1.6 Avoid name clashes with e-TeX commands (HO)
Package etexcmds Info: Could not find \expanded.
(etexcmds)             That can mean that you are not using pdfTeX 1.50 or
(etexcmds)             that some package has redefined \expanded.
(etexcmds)             In the latter case, load this package earlier.
Package: kvsetkeys 2016/05/16 v1.17 Key value parser (HO)
Package: kvdefinekeys 2016/05/16 v1.4 Define keys (HO)
Package: pdftexcmds 2016/05/21 v0.22 Utility functions of pdfTeX for LuaTeX (HO
)
Package pdftexcmds Info: LuaTeX not detected.
Package pdftexcmds Info: \pdf@primitive is available.
Package pdftexcmds Info: \pdf@ifprimitive is available.
Package pdftexcmds Info: \pdfdraftmode found.
Package: pdfescape 2016/05/16 v1.14 Implements pdfTeX's escape features (HO)
Package: bigintcalc 2016/05/16 v1.4 Expandable calculations on big integers (HO
)
Package: bitset 2016/05/16 v1.2 Handle bit-vector datatype (HO)
Package: uniquecounter 2016/05/16 v1.3 Provide unlimited unique counter (HO)
)
Package hobsub Info: Skipping package `hobsub' (already loaded).
Package: letltxmacro 2016/05/16 v1.5 Let assignment for LaTeX macros (HO)
Package: hopatch 2016/05/16 v1.3 Wrapper for package hooks (HO)
Package: xcolor-patch 2016/05/16 xcolor patch
Package: atveryend 2016/05/16 v1.9 Hooks at the very end of document (HO)
Package atveryend Info: \enddocument detected (standard20110627).
Package: atbegshi 2016/06/09 v1.18 At begin shipout hook (HO)
Package: refcount 2016/05/16 v3.5 Data extraction from label references (HO)
Package: hycolor 2016/05/16 v1.8 Color options for hyperref/bookmark (HO)
)
("C:\Program Files (x86)\MiKTeX 2.9\tex\generic\ifxetex\ifxetex.sty"
Package: ifxetex 2010/09/12 v0.6 Provides ifxetex conditional
)
("C:\Program Files (x86)\MiKTeX 2.9\tex\latex\oberdiek\auxhook.sty"
Package: auxhook 2016/05/16 v1.4 Hooks for auxiliary files (HO)
)
("C:\Program Files (x86)\MiKTeX 2.9\tex\latex\oberdiek\kvoptions.sty"
Package: kvoptions 2016/05/16 v3.12 Key value format for package options (HO)
)
\@linkdim=\dimen105
\Hy@linkcounter=\count91
\Hy@pagecounter=\count92

("C:\Program Files (x86)\MiKTeX 2.9\tex\latex\hyperref\pd1enc.def"
File: pd1enc.def 2016/06/24 v6.83q Hyperref: PDFDocEncoding definition (HO)
)
\Hy@SavedSpaceFactor=\count93

("C:\Program Files (x86)\MiKTeX 2.9\tex\latex\00miktex\hyperref.cfg"
File: hyperref.cfg 2002/06/06 v1.2 hyperref configuration of TeXLive
)
Package hyperref Info: Option `colorlinks' set `true' on input line 4362.
Package hyperref Info: Option `pdfusetitle' set `true' on input line 4362.
Package hyperref Info: Hyper figures OFF on input line 4486.
Package hyperref Info: Link nesting OFF on input line 4491.
Package hyperref Info: Hyper index ON on input line 4494.
Package hyperref Info: Plain pages OFF on input line 4501.
Package hyperref Info: Backreferencing OFF on input line 4506.
Package hyperref Info: Implicit mode ON; LaTeX internals redefined.
Package hyperref Info: Bookmarks ON on input line 4735.
\c@Hy@tempcnt=\count94
LaTeX Info: Redefining \url on input line 5088.
\XeTeXLinkMargin=\dimen106
\Fld@menulength=\count95
\Field@Width=\dimen107
\Fld@charsize=\dimen108
Package hyperref Info: Hyper figures OFF on input line 6342.
Package hyperref Info: Link nesting OFF on input line 6347.
Package hyperref Info: Hyper index ON on input line 6350.
Package hyperref Info: backreferencing OFF on input line 6357.
Package hyperref Info: Link coloring ON on input line 6360.
Package hyperref Info: Link coloring with OCG OFF on input line 6367.
Package hyperref Info: PDF/A mode OFF on input line 6372.
LaTeX Info: Redefining \ref on input line 6412.
LaTeX Info: Redefining \pageref on input line 6416.
\Hy@abspage=\count96
\c@Item=\count97
\c@Hfootnote=\count98
)

Package hyperref Message: Driver: hpdftex.

("C:\Program Files (x86)\MiKTeX 2.9\tex\latex\hyperref\hpdftex.def"
File: hpdftex.def 2016/06/24 v6.83q Hyperref driver for pdfTeX
\Fld@listcount=\count99
\c@bookmark@seq@number=\count100

("C:\Program Files (x86)\MiKTeX 2.9\tex\latex\oberdiek\rerunfilecheck.sty"
Package: rerunfilecheck 2016/05/16 v1.8 Rerun checks for auxiliary files (HO)
Package uniquecounter Info: New unique counter `rerunfilecheck' on input line 2
82.
)
\Hy@SectionHShift=\skip46
)
("C:\Program Files (x86)\MiKTeX 2.9\tex\latex\tools\layout.sty"
Package: layout 2014/10/28 v1.2c Show layout parameters
\oneinch=\count101
\cnt@paperwidth=\count102
\cnt@paperheight=\count103
\cnt@hoffset=\count104
\cnt@voffset=\count105
\cnt@textheight=\count106
\cnt@textwidth=\count107
\cnt@topmargin=\count108
\cnt@oddsidemargin=\count109
\cnt@evensidemargin=\count110
\cnt@headheight=\count111
\cnt@headsep=\count112
\cnt@marginparsep=\count113
\cnt@marginparwidth=\count114
\cnt@marginparpush=\count115
\cnt@footskip=\count116
\fheight=\count117
\ref@top=\count118
\ref@hoffset=\count119
\ref@voffset=\count120
\ref@head=\count121
\ref@body=\count122
\ref@foot=\count123
\ref@margin=\count124
\ref@marginwidth=\count125
\ref@marginpar=\count126
\Interval=\count127
\ExtraYPos=\count128
\PositionX=\count129
\PositionY=\count130
\ArrowLength=\count131
)
("C:\Program Files (x86)\MiKTeX 2.9\tex\latex\base\t1enc.sty"
Package: t1enc 1994/06/01 Standard LaTeX package
)
("C:\Program Files (x86)\MiKTeX 2.9\tex\latex\amsmath\amsmath.sty"
Package: amsmath 2016/11/05 v2.16a AMS math features
\@mathmargin=\skip47

For additional information on amsmath, use the `?' option.
("C:\Program Files (x86)\MiKTeX 2.9\tex\latex\amsmath\amstext.sty"
Package: amstext 2000/06/29 v2.01 AMS text

("C:\Program Files (x86)\MiKTeX 2.9\tex\latex\amsmath\amsgen.sty"
File: amsgen.sty 1999/11/30 v2.0 generic functions
\@emptytoks=\toks17
\ex@=\dimen109
))
("C:\Program Files (x86)\MiKTeX 2.9\tex\latex\amsmath\amsbsy.sty"
Package: amsbsy 1999/11/29 v1.2d Bold Symbols
\pmbraise@=\dimen110
)
("C:\Program Files (x86)\MiKTeX 2.9\tex\latex\amsmath\amsopn.sty"
Package: amsopn 2016/03/08 v2.02 operator names
)
\inf@bad=\count132
LaTeX Info: Redefining \frac on input line 213.
\uproot@=\count133
\leftroot@=\count134
LaTeX Info: Redefining \overline on input line 375.
\classnum@=\count135
\DOTSCASE@=\count136
LaTeX Info: Redefining \ldots on input line 472.
LaTeX Info: Redefining \dots on input line 475.
LaTeX Info: Redefining \cdots on input line 596.
\Mathstrutbox@=\box26
\strutbox@=\box27
\big@size=\dimen111
LaTeX Font Info:    Redeclaring font encoding OML on input line 712.
LaTeX Font Info:    Redeclaring font encoding OMS on input line 713.
\macc@depth=\count137
\c@MaxMatrixCols=\count138
\dotsspace@=\muskip11
\c@parentequation=\count139
\dspbrk@lvl=\count140
\tag@help=\toks18
\row@=\count141
\column@=\count142
\maxfields@=\count143
\andhelp@=\toks19
\eqnshift@=\dimen112
\alignsep@=\dimen113
\tagshift@=\dimen114
\tagwidth@=\dimen115
\totwidth@=\dimen116
\lineht@=\dimen117
\@envbody=\toks20
\multlinegap=\skip48
\multlinetaggap=\skip49
\mathdisplay@stack=\toks21
LaTeX Info: Redefining \[ on input line 2817.
LaTeX Info: Redefining \] on input line 2818.
)
("C:\Program Files (x86)\MiKTeX 2.9\tex\latex\polski\polski.sty"
Package: polski 2008/02/24 v1.3.3 Polish language package

Document language package `polski' v1.3.3 <2008/02/24>
   Inputenc package detected. Catcodes not changed.
\l@nohyphenation=\language75
("C:\Program Files (x86)\MiKTeX 2.9\tex\latex\base\ot4enc.def"
File: ot4enc.def 2017/01/24 v2.0c Standard LaTeX file
)
LaTeX Font Info:    Overwriting math alphabet `\mathbf' in version `normal'
(Font)                  OT1/cmr/bx/n --> OT4/cmr/bx/n on input line 310.
LaTeX Font Info:    Overwriting math alphabet `\mathsf' in version `normal'
(Font)                  OT1/cmss/m/n --> OT4/cmss/m/n on input line 310.
LaTeX Font Info:    Overwriting math alphabet `\mathit' in version `normal'
(Font)                  OT1/cmr/m/it --> OT4/cmr/m/it on input line 310.
LaTeX Font Info:    Overwriting math alphabet `\mathtt' in version `normal'
(Font)                  OT1/cmtt/m/n --> OT4/cmtt/m/n on input line 310.
LaTeX Font Info:    Overwriting math alphabet `\mathsf' in version `bold'
(Font)                  OT1/cmss/bx/n --> OT4/cmss/bx/n on input line 310.
LaTeX Font Info:    Overwriting math alphabet `\mathit' in version `bold'
(Font)                  OT1/cmr/bx/it --> OT4/cmr/bx/it on input line 310.
LaTeX Font Info:    Encoding `OT1' has changed to `OT4' for symbol font
(Font)              `operators' in the math version `normal' on input line 310.

LaTeX Font Info:    Overwriting symbol font `operators' in version `normal'
(Font)                  OT1/cmr/m/n --> OT4/cmr/m/n on input line 310.
LaTeX Font Info:    Overwriting symbol font `letters' in version `normal'
(Font)                  OML/cmm/m/it --> OML/plm/m/it on input line 310.
LaTeX Font Info:    Overwriting symbol font `symbols' in version `normal'
(Font)                  OMS/cmsy/m/n --> OMS/plsy/m/n on input line 310.
LaTeX Font Info:    Overwriting symbol font `largesymbols' in version `normal'
(Font)                  OMX/cmex/m/n --> OMX/plex/m/n on input line 310.
LaTeX Font Info:    Encoding `OT1' has changed to `OT4' for symbol font
(Font)              `operators' in the math version `bold' on input line 310.
LaTeX Font Info:    Overwriting symbol font `operators' in version `bold'
(Font)                  OT1/cmr/bx/n --> OT4/cmr/bx/n on input line 310.
LaTeX Font Info:    Overwriting symbol font `letters' in version `bold'
(Font)                  OML/cmm/b/it --> OML/plm/b/it on input line 310.
LaTeX Font Info:    Overwriting symbol font `symbols' in version `bold'
(Font)                  OMS/cmsy/b/n --> OMS/plsy/b/n on input line 310.
)
("C:\Program Files (x86)\MiKTeX 2.9\tex\latex\psnfss\helvet.sty"
Package: helvet 2005/04/12 PSNFSS-v9.2a (WaS) 
)
("C:\Program Files (x86)\MiKTeX 2.9\tex\latex\tools\indentfirst.sty"
Package: indentfirst 1995/11/23 v1.03 Indent first paragraph (DPC)
)
("C:\Program Files (x86)\MiKTeX 2.9\tex\latex\amsfonts\amsfonts.sty"
Package: amsfonts 2013/01/14 v3.01 Basic AMSFonts support
\symAMSa=\mathgroup4
\symAMSb=\mathgroup5
LaTeX Font Info:    Overwriting math alphabet `\mathfrak' in version `bold'
(Font)                  U/euf/m/n --> U/euf/b/n on input line 106.
)
("C:\Program Files (x86)\MiKTeX 2.9\tex\latex\subfig\subfig.sty"
Package: subfig 2005/06/28 ver: 1.3 subfig package

("C:\Program Files (x86)\MiKTeX 2.9\tex\latex\caption\caption.sty"
Package: caption 2016/02/21 v3.3-144 Customizing captions (AR)

("C:\Program Files (x86)\MiKTeX 2.9\tex\latex\caption\caption3.sty"
Package: caption3 2016/05/22 v1.7-166 caption3 kernel (AR)
Package caption3 Info: TeX engine: e-TeX on input line 67.
\captionmargin=\dimen118
\captionmargin@=\dimen119
\captionwidth=\dimen120
\caption@tempdima=\dimen121
\caption@indent=\dimen122
\caption@parindent=\dimen123
\caption@hangindent=\dimen124
)
\c@ContinuedFloat=\count144
Package caption Info: hyperref package is loaded.
)
\c@KVtest=\count145
\sf@farskip=\skip50
\sf@captopadj=\dimen125
\sf@capskip=\skip51
\sf@nearskip=\skip52
\c@subfigure=\count146
\c@subfigure@save=\count147
\c@lofdepth=\count148
\c@subtable=\count149
\c@subtable@save=\count150
\c@lotdepth=\count151
\sf@top=\skip53
\sf@bottom=\skip54
)
("C:\Program Files (x86)\MiKTeX 2.9\tex\latex\multirow\multirow.sty"
Package: multirow 2016/11/25 v2.2 Span multiple rows of a table
\multirow@colwidth=\skip55
\multirow@cntb=\count152
\multirow@dima=\skip56
\bigstrutjot=\dimen126
)
("C:\Program Files (x86)\MiKTeX 2.9\tex\latex\cite\cite.sty"
LaTeX Info: Redefining \cite on input line 302.
LaTeX Info: Redefining \nocite on input line 332.
Package: cite 2015/02/27  v 5.5
)
("C:\Program Files (x86)\MiKTeX 2.9\tex\latex\listings\listings.sty"
\lst@mode=\count153
\lst@gtempboxa=\box28
\lst@token=\toks22
\lst@length=\count154
\lst@currlwidth=\dimen127
\lst@column=\count155
\lst@pos=\count156
\lst@lostspace=\dimen128
\lst@width=\dimen129
\lst@newlines=\count157
\lst@lineno=\count158
\lst@maxwidth=\dimen130

("C:\Program Files (x86)\MiKTeX 2.9\tex\latex\listings\lstmisc.sty"
File: lstmisc.sty 2015/06/04 1.6 (Carsten Heinz)
\c@lstnumber=\count159
\lst@skipnumbers=\count160
\lst@framebox=\box29
)
("C:\Program Files (x86)\MiKTeX 2.9\tex\latex\listings\listings.cfg"
File: listings.cfg 2015/06/04 1.6 listings configuration
))
Package: listings 2015/06/04 1.6 (Carsten Heinz)

("C:\Program Files (x86)\MiKTeX 2.9\tex\latex\listings\lstlang1.sty"
File: lstlang1.sty 2015/06/04 1.6 listings language file
)
(cleardpempty.sty) ("C:\Program Files (x86)\MiKTeX 2.9\tex\latex\float\float.st
y"
Package: float 2001/11/08 v1.3d Float enhancements (AL)
\c@float@type=\count161
\float@exts=\toks23
\float@box=\box30
\@float@everytoks=\toks24
\@floatcapt=\box31
)
\c@twierdzenie=\count162
\c@wlasnosc=\count163
\c@lemat=\count164
) ("C:\Program Files (x86)\MiKTeX 2.9\tex\latex\ltxmisc\anysize.sty"
Package: anysize 1994/08/13 1.0 Contributed LaTeX2e package

Package: `anysize' 1.0 <1994/08/13>
\@Leftmargin=\dimen131
\@Rightmargin=\dimen132
\@Topmargin=\dimen133
\@Bottommargin=\dimen134
) (Praca.aux)
\openout1 = `Praca.aux'.

LaTeX Font Info:    Checking defaults for OML/cmm/m/it on input line 11.
LaTeX Font Info:    ... okay on input line 11.
LaTeX Font Info:    Checking defaults for T1/cmr/m/n on input line 11.
LaTeX Font Info:    ... okay on input line 11.
LaTeX Font Info:    Checking defaults for OT1/cmr/m/n on input line 11.
LaTeX Font Info:    ... okay on input line 11.
LaTeX Font Info:    Checking defaults for OMS/cmsy/m/n on input line 11.
LaTeX Font Info:    ... okay on input line 11.
LaTeX Font Info:    Checking defaults for OMX/cmex/m/n on input line 11.
LaTeX Font Info:    ... okay on input line 11.
LaTeX Font Info:    Checking defaults for U/cmr/m/n on input line 11.
LaTeX Font Info:    ... okay on input line 11.
LaTeX Font Info:    Checking defaults for PD1/pdf/m/n on input line 11.
LaTeX Font Info:    ... okay on input line 11.
LaTeX Font Info:    Checking defaults for OT4/cmr/m/n on input line 11.
LaTeX Font Info:    Try loading font information for OT4+cmr on input line 11.
 ("C:\Program Files (x86)\MiKTeX 2.9\tex\latex\polski\ot4cmr.fd"
File: ot4cmr.fd 2008/02/24 v1.2.1 Font defs for fonts PL (MW)
)
LaTeX Font Info:    ... okay on input line 11.

("C:\Program Files (x86)\MiKTeX 2.9\tex\context\base\supp-pdf.mkii"
[Loading MPS to PDF converter (version 2006.09.02).]
\scratchcounter=\count165
\scratchdimen=\dimen135
\scratchbox=\box32
\nofMPsegments=\count166
\nofMParguments=\count167
\everyMPshowfont=\toks25
\MPscratchCnt=\count168
\MPscratchDim=\dimen136
\MPnumerator=\count169
\makeMPintoPDFobject=\count170
\everyMPtoPDFconversion=\toks26
) ("C:\Program Files (x86)\MiKTeX 2.9\tex\latex\oberdiek\epstopdf-base.sty"
Package: epstopdf-base 2016/05/15 v2.6 Base part for package epstopdf

("C:\Program Files (x86)\MiKTeX 2.9\tex\latex\oberdiek\grfext.sty"
Package: grfext 2016/05/16 v1.2 Manage graphics extensions (HO)
)
Package epstopdf-base Info: Redefining graphics rule for `.eps' on input line 4
38.
Package grfext Info: Graphics extension search list:
(grfext)             [.png,.pdf,.jpg,.mps,.jpeg,.jbig2,.jb2,.PNG,.PDF,.JPG,.JPE
G,.JBIG2,.JB2,.eps]
(grfext)             \AppendGraphicsExtensions on input line 456.
)
\AtBeginShipoutBox=\box33

("C:\Program Files (x86)\MiKTeX 2.9\tex\latex\graphics\color.sty"
Package: color 2016/07/10 v1.1e Standard LaTeX Color (DPC)

("C:\Program Files (x86)\MiKTeX 2.9\tex\latex\graphics-cfg\color.cfg"
File: color.cfg 2016/01/02 v1.6 sample color configuration
)
Package color Info: Driver file: pdftex.def on input line 147.
)
Package hyperref Info: Link coloring ON on input line 11.

("C:\Program Files (x86)\MiKTeX 2.9\tex\latex\hyperref\nameref.sty"
Package: nameref 2016/05/21 v2.44 Cross-referencing by name of section

("C:\Program Files (x86)\MiKTeX 2.9\tex\generic\oberdiek\gettitlestring.sty"
Package: gettitlestring 2016/05/16 v1.5 Cleanup title references (HO)
)
\c@section@level=\count171
)
LaTeX Info: Redefining \ref on input line 11.
LaTeX Info: Redefining \pageref on input line 11.
LaTeX Info: Redefining \nameref on input line 11.

(Praca.out) (Praca.out)
\@outlinefile=\write3
\openout3 = `Praca.out'.

Package caption Info: Begin \AtBeginDocument code.
Package caption Info: subfig package v1.3 is loaded.
Package caption Info: float package is loaded.
Package caption Info: listings package is loaded.
Package caption Info: End \AtBeginDocument code.
\c@lstlisting=\count172
 (Praca.toc
LaTeX Font Info:    Try loading font information for OML+plm on input line 1.

("C:\Program Files (x86)\MiKTeX 2.9\tex\latex\polski\omlplm.fd"
File: omlplm.fd 2008/02/24 v1.2.1 Font defs for fonts PL (MW)
)
LaTeX Font Info:    Try loading font information for OMS+plsy on input line 1.

("C:\Program Files (x86)\MiKTeX 2.9\tex\latex\polski\omsplsy.fd"
File: omsplsy.fd 2008/02/24 v1.2.1 Font defs for fonts PL (MW)
)
LaTeX Font Info:    Try loading font information for OMX+plex on input line 1.

("C:\Program Files (x86)\MiKTeX 2.9\tex\latex\polski\omxplex.fd"
File: omxplex.fd 2008/02/24 v1.2.1 Font defs for fonts PL (MW)
)
LaTeX Font Info:    External font `plex10' loaded for size
(Font)              <12> on input line 1.
LaTeX Font Info:    External font `plex10' loaded for size
(Font)              <8> on input line 1.
LaTeX Font Info:    External font `plex10' loaded for size
(Font)              <6> on input line 1.
LaTeX Font Info:    Try loading font information for U+msa on input line 1.

("C:\Program Files (x86)\MiKTeX 2.9\tex\latex\amsfonts\umsa.fd"
File: umsa.fd 2013/01/14 v3.01 AMS symbols A
)
LaTeX Font Info:    Try loading font information for U+msb on input line 1.

("C:\Program Files (x86)\MiKTeX 2.9\tex\latex\amsfonts\umsb.fd"
File: umsb.fd 2013/01/14 v3.01 AMS symbols B
) [1




{C:/Users/Isengrim/AppData/Local/MiKTeX/2.9/pdftex/config/pdftex.map}])
\tf@toc=\write4
\openout4 = `Praca.toc'.

 [2] (Rozdzialy.tex
Rozdzia\PlPrIeC {\l } 1.
LaTeX Font Info:    External font `plex10' loaded for size
(Font)              <10> on input line 18.
LaTeX Font Info:    External font `plex10' loaded for size
(Font)              <7> on input line 18.
LaTeX Font Info:    External font `plex10' loaded for size
(Font)              <5> on input line 18.

Underfull \vbox (badness 10000) has occurred while \output is active []

 [1


]
[2]
Rozdzia\PlPrIeC {\l } 2.

Overfull \hbox (0.6158pt too wide) in paragraph at lines 33--36
[]\OT4/cmr/m/n/12 Zgodnie z za-ªo-»e-nia-mi po-cz¡t-ko-wy-mi, opra-co-wa-na apl
i-ka-cja mo-bil-na po-win-na umo»-
 []

<./rysunki/Schemat.png, id=212, 435.12563pt x 657.95813pt>
File: ./rysunki/Schemat.png Graphic file (type png)

<use ./rysunki/Schemat.png>
Package pdftex.def Info: ./rysunki/Schemat.png used on input line 60.
(pdftex.def)             Requested size: 230.61548pt x 348.71616pt.
 [3

] [4 <./rysunki/Schemat.png>] [5] [6]
<./rysunki/amenu.png, id=250, 530.73282pt x 447.92343pt>
File: ./rysunki/amenu.png Graphic file (type png)

<use ./rysunki/amenu.png>
Package pdftex.def Info: ./rysunki/amenu.png used on input line 112.
(pdftex.def)             Requested size: 265.36575pt x 223.96117pt.
 [7 <./rysunki/amenu.png>]
<./rysunki/anumbers.png, id=259, 541.27219pt x 462.22687pt>
File: ./rysunki/anumbers.png Graphic file (type png)

<use ./rysunki/anumbers.png>
Package pdftex.def Info: ./rysunki/anumbers.png used on input line 127.
(pdftex.def)             Requested size: 324.76581pt x 277.33826pt.
 [8 <./rysunki/anumbers.png>]
<./rysunki/aoptions.png, id=267, 539.01375pt x 454.69875pt>
File: ./rysunki/aoptions.png Graphic file (type png)

<use ./rysunki/aoptions.png>
Package pdftex.def Info: ./rysunki/aoptions.png used on input line 138.
(pdftex.def)             Requested size: 269.50621pt x 227.34882pt.

<./rysunki/aresults.png, id=270, 548.0475pt x 455.45157pt>
File: ./rysunki/aresults.png Graphic file (type png)

<use ./rysunki/aresults.png>
Package pdftex.def Info: ./rysunki/aresults.png used on input line 151.
(pdftex.def)             Requested size: 274.02307pt x 227.72522pt.

Underfull \vbox (badness 10000) has occurred while \output is active []

 [9 <./rysunki/aoptions.png>] [10 <./rysunki/aresults.png>]
("C:\Program Files (x86)\MiKTeX 2.9\tex\latex\base\latin2.def"
File: latin2.def 2015/03/17 v1.2c Input encoding file
)
LaTeX Font Info:    Try loading font information for OMS+cmr on input line 184.


("C:\Program Files (x86)\MiKTeX 2.9\tex\latex\base\omscmr.fd"
File: omscmr.fd 2014/09/29 v2.5h Standard LaTeX font definitions
)
LaTeX Font Info:    Font shape `OMS/cmr/m/n' in size <10> not available
(Font)              Font shape `OMS/cmsy/m/n' tried instead on input line 184.
 [11]
LaTeX Font Info:    Try loading font information for OML+cmr on input line 205.


("C:\Program Files (x86)\MiKTeX 2.9\tex\latex\base\omlcmr.fd"
File: omlcmr.fd 2014/09/29 v2.5h Standard LaTeX font definitions
)
LaTeX Font Info:    Font shape `OML/cmr/m/n' in size <10> not available
(Font)              Font shape `OML/cmm/m/it' tried instead on input line 205.


! LaTeX Error: There's no line here to end.

See the LaTeX manual or LaTeX Companion for explanation.
Type  H <return>  for immediate help.
 ...                                              
                                                  
l.227 \\ \indent
                
Your command was ignored.
Type  I <command> <return>  to replace it with another command,
or  <return>  to continue without it.

("C:\Program Files (x86)\MiKTeX 2.9\tex\latex\base\latin2.def"
File: latin2.def 2015/03/17 v1.2c Input encoding file
) [12]

! LaTeX Error: There's no line here to end.

See the LaTeX manual or LaTeX Companion for explanation.
Type  H <return>  for immediate help.
 ...                                              
                                                  
l.239 \\ \indent
                
Your command was ignored.
Type  I <command> <return>  to replace it with another command,
or  <return>  to continue without it.

("C:\Program Files (x86)\MiKTeX 2.9\tex\latex\base\latin2.def"
File: latin2.def 2015/03/17 v1.2c Input encoding file
)
("C:\Program Files (x86)\MiKTeX 2.9\tex\latex\base\latin2.def"
File: latin2.def 2015/03/17 v1.2c Input encoding file
)
Overfull \hbox (1.40065pt too wide) in paragraph at lines 286--289
[]\OT4/cmr/m/n/12 Sama ob-sªu-ga wpro-wa-dza-nia gªo-so-we-go jest za-im-ple-me
n-to-wa-na w me-to-dach \OT4/cmr/m/it/12 prompt-
 []

[13] ("C:\Program Files (x86)\MiKTeX 2.9\tex\latex\base\latin2.def"
File: latin2.def 2015/03/17 v1.2c Input encoding file
) [14]
[15]
Overfull \hbox (8.8335pt too wide) in paragraph at lines 359--362
[]\OT4/cmr/m/n/12 Klasa ob-sªu-gu-j¡-ca wy-±wie-tle-nie li-sty wy-ni-ków na ekr
a-nie. W me-to-dzie \OT4/cmr/m/it/12 Re-ad-FromCSV\OT4/cmr/m/n/12 ,
 []

[16]
Rozdzia\PlPrIeC {\l } 3.
<./rysunki/Menuglowne.png, id=452, 722.7pt x 1137.24875pt>
File: ./rysunki/Menuglowne.png Graphic file (type png)

<use ./rysunki/Menuglowne.png>
Package pdftex.def Info: ./rysunki/Menuglowne.png used on input line 371.
(pdftex.def)             Requested size: 173.45154pt x 272.94528pt.

Overfull \hbox (0.25339pt too wide) in paragraph at lines 368--376
[]\OT4/cmr/m/n/12 Po uru-cho-mie-niu apli-ka-cji u»yt-kow-ni-ko-wi wy-±wie-tla-
ne jest in-te-rak-tyw-ne me-nu gªów-
 []

<./rysunki/test2.png, id=458, 722.7pt x 1125.20375pt>
File: ./rysunki/test2.png Graphic file (type png)

<use ./rysunki/test2.png>
Package pdftex.def Info: ./rysunki/test2.png used on input line 385.
(pdftex.def)             Requested size: 173.45154pt x 270.05441pt.

Underfull \vbox (badness 6592) has occurred while \output is active []

 [17

 <./rysunki/Menuglowne.png (PNG copy)>]

! LaTeX Error: There's no line here to end.

See the LaTeX manual or LaTeX Companion for explanation.
Type  H <return>  for immediate help.
 ...                                              
                                                  
l.390 \\ \indent
                
Your command was ignored.
Type  I <command> <return>  to replace it with another command,
or  <return>  to continue without it.


Underfull \vbox (badness 2452) has occurred while \output is active []

 [18 <./rysunki/test2.png (PNG copy)>] <./rysunki/test4.png, id=477, 722.7pt x 
1124.2pt>
File: ./rysunki/test4.png Graphic file (type png)

<use ./rysunki/test4.png>
Package pdftex.def Info: ./rysunki/test4.png used on input line 395.
(pdftex.def)             Requested size: 173.45154pt x 269.8135pt.
 [19 <./rysunki/test4.png (PNG copy)>]
<./rysunki/ok1.png, id=484, 722.7pt x 1134.2375pt>
File: ./rysunki/ok1.png Graphic file (type png)
 <use ./rysunki/ok1.png>
Package pdftex.def Info: ./rysunki/ok1.png used on input line 404.
(pdftex.def)             Requested size: 173.45154pt x 272.22256pt.

<./rysunki/bad1.png, id=485, 722.7pt x 1136.245pt>
File: ./rysunki/bad1.png Graphic file (type png)
 <use ./rysunki/bad1.png>
Package pdftex.def Info: ./rysunki/bad1.png used on input line 412.
(pdftex.def)             Requested size: 173.45154pt x 272.70436pt.

<./rysunki/koniec1.png, id=486, 722.7pt x 1134.2375pt>
File: ./rysunki/koniec1.png Graphic file (type png)

<use ./rysunki/koniec1.png>
Package pdftex.def Info: ./rysunki/koniec1.png used on input line 420.
(pdftex.def)             Requested size: 173.45154pt x 272.22256pt.
 [20 <./rysunki/ok1.png (PNG copy)> <./rysunki/bad1.png (PNG copy)>] <./rysunki
/voice1.png, id=491, 722.7pt x 1127.21124pt>
File: ./rysunki/voice1.png Graphic file (type png)

<use ./rysunki/voice1.png>
Package pdftex.def Info: ./rysunki/voice1.png used on input line 428.
(pdftex.def)             Requested size: 173.45154pt x 270.53622pt.

<./rysunki/error2.png, id=492, 722.7pt x 300.12125pt>
File: ./rysunki/error2.png Graphic file (type png)

<use ./rysunki/error2.png>
Package pdftex.def Info: ./rysunki/error2.png used on input line 436.
(pdftex.def)             Requested size: 173.45154pt x 72.03056pt.
 [21 <./rysunki/koniec1.png (PNG copy)> <./rysunki/voice1.png (PNG copy)>] <./r
ysunki/tut1.png, id=498, 722.7pt x 1134.2375pt>
File: ./rysunki/tut1.png Graphic file (type png)

<use ./rysunki/tut1.png>
Package pdftex.def Info: ./rysunki/tut1.png used on input line 446.
(pdftex.def)             Requested size: 173.45154pt x 272.22256pt.
 [22 <./rysunki/error2.png (PNG copy)> <./rysunki/tut1.png (PNG copy)>] <./rysu
nki/options.png, id=506, 722.7pt x 1134.2375pt>
File: ./rysunki/options.png Graphic file (type png)

<use ./rysunki/options.png>
Package pdftex.def Info: ./rysunki/options.png used on input line 465.
(pdftex.def)             Requested size: 173.45154pt x 272.22256pt.
 [23 <./rysunki/options.png (PNG copy)>]
<./rysunki/results.png, id=517, 722.7pt x 1134.2375pt>
File: ./rysunki/results.png Graphic file (type png)

<use ./rysunki/results.png>
Package pdftex.def Info: ./rysunki/results.png used on input line 482.
(pdftex.def)             Requested size: 173.45154pt x 272.22256pt.
 [24 <./rysunki/results.png (PNG copy)>]
Rozdzia\PlPrIeC {\l } 4.

Underfull \hbox (badness 10000) in paragraph at lines 510--512

 []


Underfull \hbox (badness 10000) in paragraph at lines 519--519
[]\OT4/cmr/m/n/10 Zadeklarowana
 []


Underfull \hbox (badness 5147) in paragraph at lines 519--519
[]\OT4/cmr/m/n/10 Dª. za-pa-mi¦-ta-
 []


Underfull \hbox (badness 10000) in paragraph at lines 540--540
[]\OT4/cmr/m/n/10 Zadeklarowana
 []


Underfull \hbox (badness 5147) in paragraph at lines 540--540
[]\OT4/cmr/m/n/10 Dª. za-pa-mi¦-ta-
 []


Underfull \hbox (badness 1810) in paragraph at lines 558--558
[]\OT4/cmr/m/n/10 Nie tre-nu-j¡-
 []


Underfull \hbox (badness 10000) in paragraph at lines 559--559
[]\OT4/cmr/m/n/10 Trenuj¡ca
 []


Overfull \hbox (6.55806pt too wide) in paragraph at lines 553--562
 [][] 
 []


Underfull \hbox (badness 10000) in paragraph at lines 574--574
[]\OT4/cmr/m/n/10 Poni»ej 18
 []


Underfull \hbox (badness 10000) in paragraph at lines 575--575
[]\OT4/cmr/m/n/10 Powy»ej 18
 []


Underfull \hbox (badness 10000) in paragraph at lines 576--576
[]\OT4/cmr/m/n/10 Powy»ej 35
 []


Overfull \hbox (6.55806pt too wide) in paragraph at lines 571--578
 [][] 
 []

[25

] [26]
Rozdzia\PlPrIeC {\l } 5.
) [27

] (Praca.bbl [28


]
! Misplaced alignment tab character &.
l.9 {\sc Budohoska, W. &
                        &~W³odarski, Z.}
I can't figure out why you would want to use a tab mark
here. If you just want an ampersand, the remedy is
simple: Just type `I\&' now. But if some right brace
up above has ended a previous alignment prematurely,
you're probably due for more error messages, and you
might try typing `S' now just to see what is salvageable.

! Misplaced alignment tab character &.
l.9 {\sc Budohoska, W. &&
                         ~W³odarski, Z.}
I can't figure out why you would want to use a tab mark
here. If you just want an ampersand, the remedy is
simple: Just type `I\&' now. But if some right brace
up above has ended a previous alignment prematurely,
you're probably due for more error messages, and you
might try typing `S' now just to see what is salvageable.

)

Package caption Warning: Unused \captionsetup[subfigure] on input line 151.
See the caption package documentation for explanation.

Package atveryend Info: Empty hook `BeforeClearDocument' on input line 41.
[29]
Package atveryend Info: Empty hook `AfterLastShipout' on input line 41.
 (Praca.aux)
Package atveryend Info: Executing hook `AtVeryEndDocument' on input line 41.
Package atveryend Info: Executing hook `AtEndAfterFileList' on input line 41.
Package rerunfilecheck Info: File `Praca.out' has not changed.
(rerunfilecheck)             Checksum: 47CD908994856FE01AD76D8EA59D4735;2111.
Package atveryend Info: Empty hook `AtVeryVeryEnd' on input line 41.
 ) 
Here is how much of TeX's memory you used:
 10067 strings out of 493333
 148277 string characters out of 3136599
 283313 words of memory out of 3000000
 13153 multiletter control sequences out of 15000+200000
 19968 words of font info for 58 fonts, out of 3000000 for 9000
 1141 hyphenation exceptions out of 8191
 46i,10n,42p,1184b,2251s stack positions out of 5000i,500n,10000p,200000b,50000s
{C:/Program Files (x86)/MiKTeX 2.9/fonts/enc/dvips/pl/plsc.enc}{C:/Program Fi
les (x86)/MiKTeX 2.9/fonts/enc/dvips/pl/plit.enc}{C:/Program Files (x86)/MiKTeX
 2.9/fonts/enc/dvips/pl/plrm.enc}{C:/Program Files (x86)/MiKTeX 2.9/fonts/enc/d
vips/pl/plms.enc}{C:/Program Files (x86)/MiKTeX 2.9/fonts/enc/dvips/pl/plmi.enc
}<C:/Program Files (x86)/MiKTeX 2.9/fonts/type1/public/amsfonts/cm/cmmi10.pfb><
C:/Program Files (x86)/MiKTeX 2.9/fonts/type1/public/amsfonts/cm/cmsy10.pfb><C:
/Program Files (x86)/MiKTeX 2.9/fonts/type1/public/pl/plbx10.pfb><C:/Program Fi
les (x86)/MiKTeX 2.9/fonts/type1/public/pl/plbx12.pfb><C:/Program Files (x86)/M
iKTeX 2.9/fonts/type1/public/pl/plcsc10.pfb><C:/Program Files (x86)/MiKTeX 2.9/
fonts/type1/public/pl/plmi12.pfb><C:/Program Files (x86)/MiKTeX 2.9/fonts/type1
/public/pl/plr10.pfb><C:/Program Files (x86)/MiKTeX 2.9/fonts/type1/public/pl/p
lr12.pfb><C:/Program Files (x86)/MiKTeX 2.9/fonts/type1/public/pl/plr7.pfb><C:/
Program Files (x86)/MiKTeX 2.9/fonts/type1/public/pl/plr8.pfb><C:/Program Files
 (x86)/MiKTeX 2.9/fonts/type1/public/pl/plsl10.pfb><C:/Program Files (x86)/MiKT
eX 2.9/fonts/type1/public/pl/plsy10.pfb><C:/Program Files (x86)/MiKTeX 2.9/font
s/type1/public/pl/plti10.pfb><C:/Program Files (x86)/MiKTeX 2.9/fonts/type1/pub
lic/pl/plti12.pfb>
Output written on Praca.pdf (31 pages, 2575729 bytes).
PDF statistics:
 663 PDF objects out of 1000 (max. 8388607)
 245 named destinations out of 1000 (max. 500000)
 329 words of extra memory for PDF output out of 10000 (max. 10000000)

