\BOOKMARK [0][-]{chapter.1}{Wstep}{}% 1
\BOOKMARK [0][-]{chapter.2}{Projekt aplikacji}{}% 2
\BOOKMARK [1][-]{section.2.1}{Za\233ozenia wstepne}{chapter.2}% 3
\BOOKMARK [1][-]{section.2.2}{Opcjonalne funkcje}{chapter.2}% 4
\BOOKMARK [1][-]{section.2.3}{Metodologia}{chapter.2}% 5
\BOOKMARK [0][-]{chapter.3}{Specyfikacja wewnetrzna}{}% 6
\BOOKMARK [1][-]{section.3.1}{Wprowadzenie}{chapter.3}% 7
\BOOKMARK [1][-]{section.3.2}{Interfejs uzytkownika}{chapter.3}% 8
\BOOKMARK [2][-]{subsection.3.2.1}{activity\137menu}{section.3.2}% 9
\BOOKMARK [2][-]{subsection.3.2.2}{activity\137numbers}{section.3.2}% 10
\BOOKMARK [2][-]{subsection.3.2.3}{activity\137options}{section.3.2}% 11
\BOOKMARK [2][-]{subsection.3.2.4}{activity\137results}{section.3.2}% 12
\BOOKMARK [2][-]{subsection.3.2.5}{list\137row}{section.3.2}% 13
\BOOKMARK [2][-]{subsection.3.2.6}{frame}{section.3.2}% 14
\BOOKMARK [2][-]{subsection.3.2.7}{gradient}{section.3.2}% 15
\BOOKMARK [1][-]{section.3.3}{Klasy i metody}{chapter.3}% 16
\BOOKMARK [2][-]{subsection.3.3.1}{Menu}{section.3.3}% 17
\BOOKMARK [2][-]{subsection.3.3.2}{Numbers}{section.3.3}% 18
\BOOKMARK [2][-]{subsection.3.3.3}{Tutorial}{section.3.3}% 19
\BOOKMARK [2][-]{subsection.3.3.4}{Options}{section.3.3}% 20
\BOOKMARK [2][-]{subsection.3.3.5}{Results}{section.3.3}% 21
\BOOKMARK [2][-]{subsection.3.3.6}{MultirowLVAdapter}{section.3.3}% 22
\BOOKMARK [0][-]{chapter.4}{Specyfikacja zewnetrzna}{}% 23
\BOOKMARK [1][-]{section.4.1}{Menu g\233\363wne}{chapter.4}% 24
\BOOKMARK [1][-]{section.4.2}{Rozgrywka}{chapter.4}% 25
\BOOKMARK [1][-]{section.4.3}{Samouczek}{chapter.4}% 26
\BOOKMARK [1][-]{section.4.4}{Opcje}{chapter.4}% 27
\BOOKMARK [1][-]{section.4.5}{Wyniki}{chapter.4}% 28
\BOOKMARK [0][-]{chapter.5}{Testy}{}% 29
\BOOKMARK [0][-]{chapter.6}{Podsumowanie i wnioski}{}% 30
\BOOKMARK [0][-]{chapter.6}{Bibliografia}{}% 31
